[    0.000000] Linux version 4.15.0-154-generic (buildd@lcy01-amd64-011) (gcc version 7.5.0 (Ubuntu 7.5.0-3ubuntu1~18.04)) #161-Ubuntu SMP Fri Jul 30 13:04:17 UTC 2021 (Ubuntu 4.15.0-154.161-generic 4.15.18)
[    0.000000] Command line: BOOT_IMAGE=/boot/vmlinuz-4.15.0-154-generic root=LABEL=cloudimg-rootfs ro console=tty1 console=ttyS0
[    0.000000] KERNEL supported cpus:
[    0.000000]   Intel GenuineIntel
[    0.000000]   AMD AuthenticAMD
[    0.000000]   Centaur CentaurHauls
[    0.000000] x86/fpu: Supporting XSAVE feature 0x001: 'x87 floating point registers'
[    0.000000] x86/fpu: Supporting XSAVE feature 0x002: 'SSE registers'
[    0.000000] x86/fpu: Supporting XSAVE feature 0x004: 'AVX registers'
[    0.000000] x86/fpu: xstate_offset[2]:  576, xstate_sizes[2]:  256
[    0.000000] x86/fpu: Enabled xstate features 0x7, context size is 832 bytes, using 'standard' format.
[    0.000000] e820: BIOS-provided physical RAM map:
[    0.000000] BIOS-e820: [mem 0x0000000000000000-0x000000000009fbff] usable
[    0.000000] BIOS-e820: [mem 0x000000000009fc00-0x000000000009ffff] reserved
[    0.000000] BIOS-e820: [mem 0x00000000000f0000-0x00000000000fffff] reserved
[    0.000000] BIOS-e820: [mem 0x0000000000100000-0x000000009ffeffff] usable
[    0.000000] BIOS-e820: [mem 0x000000009fff0000-0x000000009fffffff] ACPI data
[    0.000000] BIOS-e820: [mem 0x00000000fec00000-0x00000000fec00fff] reserved
[    0.000000] BIOS-e820: [mem 0x00000000fee00000-0x00000000fee00fff] reserved
[    0.000000] BIOS-e820: [mem 0x00000000fffc0000-0x00000000ffffffff] reserved
[    0.000000] NX (Execute Disable) protection: active
[    0.000000] SMBIOS 2.5 present.
[    0.000000] DMI: innotek GmbH VirtualBox/VirtualBox, BIOS VirtualBox 12/01/2006
[    0.000000] Hypervisor detected: KVM
[    0.000000] e820: last_pfn = 0x9fff0 max_arch_pfn = 0x400000000
[    0.000000] MTRR: Disabled
[    0.000000] x86/PAT: MTRRs disabled, skipping PAT initialization too.
[    0.000000] CPU MTRRs all blank - virtualized system.
[    0.000000] x86/PAT: Configuration [0-7]: WB  WT  UC- UC  WB  WT  UC- UC  
[    0.000000] found SMP MP-table at [mem 0x0009fff0-0x0009ffff]
[    0.000000] Scanning 1 areas for low memory corruption
[    0.000000] RAMDISK: [mem 0x359cf000-0x36cdefff]
[    0.000000] ACPI: Early table checksum verification disabled
[    0.000000] ACPI: RSDP 0x00000000000E0000 000024 (v02 VBOX  )
[    0.000000] ACPI: XSDT 0x000000009FFF0030 00003C (v01 VBOX   VBOXXSDT 00000001 ASL  00000061)
[    0.000000] ACPI: FACP 0x000000009FFF00F0 0000F4 (v04 VBOX   VBOXFACP 00000001 ASL  00000061)
[    0.000000] ACPI: DSDT 0x000000009FFF0470 002325 (v02 VBOX   VBOXBIOS 00000002 INTL 20120111)
[    0.000000] ACPI: FACS 0x000000009FFF0200 000040
[    0.000000] ACPI: FACS 0x000000009FFF0200 000040
[    0.000000] ACPI: APIC 0x000000009FFF0240 00005C (v02 VBOX   VBOXAPIC 00000001 ASL  00000061)
[    0.000000] ACPI: SSDT 0x000000009FFF02A0 0001CC (v01 VBOX   VBOXCPUT 00000002 INTL 20120111)
[    0.000000] ACPI: Reserving FACP table memory at [mem 0x9fff00f0-0x9fff01e3]
[    0.000000] ACPI: Reserving DSDT table memory at [mem 0x9fff0470-0x9fff2794]
[    0.000000] ACPI: Reserving FACS table memory at [mem 0x9fff0200-0x9fff023f]
[    0.000000] ACPI: Reserving FACS table memory at [mem 0x9fff0200-0x9fff023f]
[    0.000000] ACPI: Reserving APIC table memory at [mem 0x9fff0240-0x9fff029b]
[    0.000000] ACPI: Reserving SSDT table memory at [mem 0x9fff02a0-0x9fff046b]
[    0.000000] No NUMA configuration found
[    0.000000] Faking a node at [mem 0x0000000000000000-0x000000009ffeffff]
[    0.000000] NODE_DATA(0) allocated [mem 0x9ffc5000-0x9ffeffff]
[    0.000000] kvm-clock: cpu 0, msr 0:9ff44001, primary cpu clock
[    0.000000] kvm-clock: Using msrs 4b564d01 and 4b564d00
[    0.000000] kvm-clock: using sched offset of 4489341823 cycles
[    0.000000] clocksource: kvm-clock: mask: 0xffffffffffffffff max_cycles: 0x1cd42e4dffb, max_idle_ns: 881590591483 ns
[    0.000000] Zone ranges:
[    0.000000]   DMA      [mem 0x0000000000001000-0x0000000000ffffff]
[    0.000000]   DMA32    [mem 0x0000000001000000-0x000000009ffeffff]
[    0.000000]   Normal   empty
[    0.000000]   Device   empty
[    0.000000] Movable zone start for each node
[    0.000000] Early memory node ranges
[    0.000000]   node   0: [mem 0x0000000000001000-0x000000000009efff]
[    0.000000]   node   0: [mem 0x0000000000100000-0x000000009ffeffff]
[    0.000000] Reserved but unavailable: 104 pages
[    0.000000] Initmem setup node 0 [mem 0x0000000000001000-0x000000009ffeffff]
[    0.000000] ACPI: PM-Timer IO Port: 0x4008
[    0.000000] IOAPIC[0]: apic_id 2, version 32, address 0xfec00000, GSI 0-23
[    0.000000] ACPI: INT_SRC_OVR (bus 0 bus_irq 0 global_irq 2 dfl dfl)
[    0.000000] ACPI: INT_SRC_OVR (bus 0 bus_irq 9 global_irq 9 low level)
[    0.000000] Using ACPI (MADT) for SMP configuration information
[    0.000000] smpboot: Allowing 2 CPUs, 0 hotplug CPUs
[    0.000000] PM: Registered nosave memory: [mem 0x00000000-0x00000fff]
[    0.000000] PM: Registered nosave memory: [mem 0x0009f000-0x0009ffff]
[    0.000000] PM: Registered nosave memory: [mem 0x000a0000-0x000effff]
[    0.000000] PM: Registered nosave memory: [mem 0x000f0000-0x000fffff]
[    0.000000] e820: [mem 0xa0000000-0xfebfffff] available for PCI devices
[    0.000000] Booting paravirtualized kernel on KVM
[    0.000000] clocksource: refined-jiffies: mask: 0xffffffff max_cycles: 0xffffffff, max_idle_ns: 7645519600211568 ns
[    0.000000] random: get_random_bytes called from start_kernel+0x99/0x500 with crng_init=0
[    0.000000] setup_percpu: NR_CPUS:8192 nr_cpumask_bits:2 nr_cpu_ids:2 nr_node_ids:1
[    0.000000] percpu: Embedded 45 pages/cpu s147456 r8192 d28672 u1048576
[    0.000000] PV qspinlock hash table entries: 256 (order: 0, 4096 bytes)
[    0.000000] Built 1 zonelists, mobility grouping on.  Total pages: 644985
[    0.000000] Policy zone: DMA32
[    0.000000] Kernel command line: BOOT_IMAGE=/boot/vmlinuz-4.15.0-154-generic root=LABEL=cloudimg-rootfs ro console=tty1 console=ttyS0
[    0.000000] Memory: 2531004K/2620984K available (12300K kernel code, 2483K rwdata, 4320K rodata, 2448K init, 2724K bss, 89980K reserved, 0K cma-reserved)
[    0.000000] SLUB: HWalign=64, Order=0-3, MinObjects=0, CPUs=2, Nodes=1
[    0.000000] Kernel/User page tables isolation: enabled
[    0.000000] ftrace: allocating 39461 entries in 155 pages
[    0.004000] Hierarchical RCU implementation.
[    0.004000] 	RCU restricting CPUs from NR_CPUS=8192 to nr_cpu_ids=2.
[    0.004000] 	Tasks RCU enabled.
[    0.004000] RCU: Adjusting geometry for rcu_fanout_leaf=16, nr_cpu_ids=2
[    0.004000] NR_IRQS: 524544, nr_irqs: 440, preallocated irqs: 16
[    0.004000] Console: colour VGA+ 80x25
[    0.004000] console [tty1] enabled
[    0.004000] console [ttyS0] enabled
[    0.004000] ACPI: Core revision 20170831
[    0.004000] ACPI: 2 ACPI AML tables successfully acquired and loaded
[    0.004000] APIC: Switch to symmetric I/O mode setup
[    0.004000] x2apic enabled
[    0.004000] Switched APIC routing to physical x2apic.
[    0.005035] ..TIMER: vector=0x30 apic1=0 pin1=2 apic2=-1 pin2=-1
[    0.008005] tsc: Detected 2194.918 MHz processor
[    0.012014] Calibrating delay loop (skipped) preset value.. 4389.83 BogoMIPS (lpj=8779672)
[    0.014286] pid_max: default: 32768 minimum: 301
[    0.016045] Security Framework initialized
[    0.017585] Yama: becoming mindful.
[    0.019103] AppArmor: AppArmor initialized
[    0.024275] Dentry cache hash table entries: 524288 (order: 10, 4194304 bytes)
[    0.028176] Inode-cache hash table entries: 262144 (order: 9, 2097152 bytes)
[    0.030178] Mount-cache hash table entries: 8192 (order: 4, 65536 bytes)
[    0.032019] Mountpoint-cache hash table entries: 8192 (order: 4, 65536 bytes)
[    0.036479] Last level iTLB entries: 4KB 1024, 2MB 1024, 4MB 1024
[    0.038658] Last level dTLB entries: 4KB 1024, 2MB 1024, 4MB 1024, 1GB 4
[    0.040006] Spectre V1 : Mitigation: usercopy/swapgs barriers and __user pointer sanitization
[    0.042624] Spectre V2 : Mitigation: Full generic retpoline
[    0.044005] Spectre V2 : Spectre v2 / SpectreRSB mitigation: Filling RSB on context switch
[    0.046570] Speculative Store Bypass: Vulnerable
[    0.048057] SRBDS: Unknown: Dependent on hypervisor status
[    0.049677] MDS: Mitigation: Clear CPU buffers
[    0.052196] Freeing SMP alternatives memory: 36K
[    0.164580] smpboot: CPU0: Intel(R) Core(TM) i7-4770HQ CPU @ 2.20GHz (family: 0x6, model: 0x46, stepping: 0x1)
[    0.168180] Performance Events: unsupported p6 CPU model 70 no PMU driver, software events only.
[    0.172065] Hierarchical SRCU implementation.
[    0.177099] NMI watchdog: Perf event create on CPU 0 failed with -2
[    0.179846] NMI watchdog: Perf NMI watchdog permanently disabled
[    0.180074] smp: Bringing up secondary CPUs ...
[    0.186405] x86: Booting SMP configuration:
[    0.188007] .... node  #0, CPUs:      #1
[    0.004000] kvm-clock: cpu 1, msr 0:9ff44041, secondary cpu clock
[    0.196090] smp: Brought up 1 node, 2 CPUs
[    0.200010] smpboot: Max logical packages: 1
[    0.204009] smpboot: Total of 2 processors activated (8779.67 BogoMIPS)
[    0.208991] devtmpfs: initialized
[    0.209982] x86/mm: Memory block size: 128MB
[    0.212331] evm: security.selinux
[    0.216006] evm: security.SMACK64
[    0.217523] evm: security.SMACK64EXEC
[    0.219476] evm: security.SMACK64TRANSMUTE
[    0.220008] evm: security.SMACK64MMAP
[    0.224005] evm: security.apparmor
[    0.225926] evm: security.ima
[    0.228006] evm: security.capability
[    0.229868] clocksource: jiffies: mask: 0xffffffff max_cycles: 0xffffffff, max_idle_ns: 7645041785100000 ns
[    0.232026] futex hash table entries: 512 (order: 3, 32768 bytes)
[    0.236079] pinctrl core: initialized pinctrl subsystem
[    0.240390] RTC time:  9:02:12, date: 09/05/21
[    0.248178] NET: Registered protocol family 16
[    0.252151] audit: initializing netlink subsys (disabled)
[    0.256063] audit: type=2000 audit(1630832537.587:1): state=initialized audit_enabled=0 res=1
[    0.260017] cpuidle: using governor ladder
[    0.264017] cpuidle: using governor menu
[    0.266259] ACPI: bus type PCI registered
[    0.268007] acpiphp: ACPI Hot Plug PCI Controller Driver version: 0.5
[    0.272177] PCI: Using configuration type 1 for base access
[    0.277551] HugeTLB registered 2.00 MiB page size, pre-allocated 0 pages
[    0.280219] ACPI: Added _OSI(Module Device)
[    0.284007] ACPI: Added _OSI(Processor Device)
[    0.286319] ACPI: Added _OSI(3.0 _SCP Extensions)
[    0.288007] ACPI: Added _OSI(Processor Aggregator Device)
[    0.292008] ACPI: Added _OSI(Linux-Dell-Video)
[    0.293333] ACPI: Added _OSI(Linux-Lenovo-NV-HDMI-Audio)
[    0.294913] ACPI: Added _OSI(Linux-HPI-Hybrid-Graphics)
[    0.296902] ACPI: Executed 1 blocks of module-level executable AML code
[    0.305870] ACPI: Interpreter enabled
[    0.307712] ACPI: (supports S0 S5)
[    0.308007] ACPI: Using IOAPIC for interrupt routing
[    0.310740] PCI: Using host bridge windows from ACPI; if necessary, use "pci=nocrs" and report a bug
[    0.312276] ACPI: Enabled 2 GPEs in block 00 to 07
[    0.325771] ACPI: PCI Root Bridge [PCI0] (domain 0000 [bus 00-ff])
[    0.328000] acpi PNP0A03:00: _OSC: OS supports [ASPM ClockPM Segments MSI]
[    0.328500] acpi PNP0A03:00: _OSC: not requesting OS control; OS requires [ExtendedConfig ASPM ClockPM MSI]
[    0.332021] acpi PNP0A03:00: fail to add MMCONFIG information, can't access extended PCI configuration space under this bridge.
[    0.336578] PCI host bridge to bus 0000:00
[    0.337686] pci_bus 0000:00: root bus resource [io  0x0000-0x0cf7 window]
[    0.340000] pci_bus 0000:00: root bus resource [io  0x0d00-0xffff window]
[    0.340008] pci_bus 0000:00: root bus resource [mem 0x000a0000-0x000bffff window]
[    0.344006] pci_bus 0000:00: root bus resource [mem 0xa0000000-0xfdffffff window]
[    0.345790] pci_bus 0000:00: root bus resource [bus 00-ff]
[    0.352829] pci 0000:00:01.1: legacy IDE quirk: reg 0x10: [io  0x01f0-0x01f7]
[    0.356008] pci 0000:00:01.1: legacy IDE quirk: reg 0x14: [io  0x03f6]
[    0.360010] pci 0000:00:01.1: legacy IDE quirk: reg 0x18: [io  0x0170-0x0177]
[    0.364009] pci 0000:00:01.1: legacy IDE quirk: reg 0x1c: [io  0x0376]
[    0.418295] pci 0000:00:07.0: quirk: [io  0x4000-0x403f] claimed by PIIX4 ACPI
[    0.420035] pci 0000:00:07.0: quirk: [io  0x4100-0x410f] claimed by PIIX4 SMB
[    0.436528] ACPI: PCI Interrupt Link [LNKA] (IRQs 5 9 10 *11)
[    0.439025] ACPI: PCI Interrupt Link [LNKB] (IRQs 5 9 *10 11)
[    0.440281] ACPI: PCI Interrupt Link [LNKC] (IRQs 5 *9 10 11)
[    0.443134] ACPI: PCI Interrupt Link [LNKD] (IRQs 5 9 10 *11)
[    0.444457] SCSI subsystem initialized
[    0.448065] pci 0000:00:02.0: vgaarb: setting as boot VGA device
[    0.450992] pci 0000:00:02.0: vgaarb: VGA device added: decodes=io+mem,owns=io+mem,locks=none
[    0.452022] pci 0000:00:02.0: vgaarb: bridge control possible
[    0.456010] vgaarb: loaded
[    0.457299] ACPI: bus type USB registered
[    0.460133] usbcore: registered new interface driver usbfs
[    0.462134] usbcore: registered new interface driver hub
[    0.463736] usbcore: registered new device driver usb
[    0.464082] EDAC MC: Ver: 3.0.0
[    0.465470] PCI: Using ACPI for IRQ routing
[    0.468442] NetLabel: Initializing
[    0.469830] NetLabel:  domain hash size = 128
[    0.471101] NetLabel:  protocols = UNLABELED CIPSOv4 CALIPSO
[    0.472026] NetLabel:  unlabeled traffic allowed by default
[    0.473678] clocksource: Switched to clocksource kvm-clock
[    0.492063] VFS: Disk quotas dquot_6.6.0
[    0.493974] VFS: Dquot-cache hash table entries: 512 (order 0, 4096 bytes)
[    0.496673] AppArmor: AppArmor Filesystem Enabled
[    0.497835] pnp: PnP ACPI init
[    0.500565] pnp: PnP ACPI: found 3 devices
[    0.511923] clocksource: acpi_pm: mask: 0xffffff max_cycles: 0xffffff, max_idle_ns: 2085701024 ns
[    0.519211] NET: Registered protocol family 2
[    0.526751] TCP established hash table entries: 32768 (order: 6, 262144 bytes)
[    0.538901] TCP bind hash table entries: 32768 (order: 7, 524288 bytes)
[    0.541402] TCP: Hash tables configured (established 32768 bind 32768)
[    0.545272] UDP hash table entries: 2048 (order: 4, 65536 bytes)
[    0.548200] UDP-Lite hash table entries: 2048 (order: 4, 65536 bytes)
[    0.551567] NET: Registered protocol family 1
[    0.553267] pci 0000:00:00.0: Limiting direct PCI/PCI transfers
[    0.555190] pci 0000:00:01.0: Activating ISA DMA hang workarounds
[    0.557899] pci 0000:00:02.0: Video device with shadowed ROM at [mem 0x000c0000-0x000dffff]
[    0.560684] Unpacking initramfs...
[    0.915693] Freeing initrd memory: 19520K
[    0.917113] clocksource: tsc: mask: 0xffffffffffffffff max_cycles: 0x1fa37202099, max_idle_ns: 440795206796 ns
[    0.921484] platform rtc_cmos: registered platform RTC device (no PNP device found)
[    0.923979] Scanning for low memory corruption every 60 seconds
[    0.926773] Initialise system trusted keyrings
[    0.928113] Key type blacklist registered
[    0.929606] workingset: timestamp_bits=36 max_order=20 bucket_order=0
[    0.932195] zbud: loaded
[    0.934104] squashfs: version 4.0 (2009/01/31) Phillip Lougher
[    0.938209] fuse init (API version 7.26)
[    0.944594] Key type asymmetric registered
[    0.947747] Asymmetric key parser 'x509' registered
[    0.949662] Block layer SCSI generic (bsg) driver version 0.4 loaded (major 246)
[    0.955792] io scheduler noop registered
[    0.958971] io scheduler deadline registered
[    0.960618] io scheduler cfq registered (default)
[    0.963447] ACPI: AC Adapter [AC] (on-line)
[    0.965332] input: Power Button as /devices/LNXSYSTM:00/LNXPWRBN:00/input/input0
[    0.967857] ACPI: Power Button [PWRF]
[    0.969463] input: Sleep Button as /devices/LNXSYSTM:00/LNXSLPBN:00/input/input1
[    0.971568] ACPI: Sleep Button [SLPF]
[    0.973677] Serial: 8250/16550 driver, 32 ports, IRQ sharing enabled
[    0.975556] ACPI: Battery Slot [BAT0] (battery present)
[    1.006189] 00:02: ttyS0 at I/O 0x3f8 (irq = 4, base_baud = 115200) is a 16550A
[    1.020606] Linux agpgart interface v0.103
[    1.024783] loop: module loaded
[    1.027009] scsi host0: ata_piix
[    1.030291] scsi host1: ata_piix
[    1.032053] ata1: PATA max UDMA/33 cmd 0x1f0 ctl 0x3f6 bmdma 0xd000 irq 14
[    1.034200] ata2: PATA max UDMA/33 cmd 0x170 ctl 0x376 bmdma 0xd008 irq 15
[    1.036852] libphy: Fixed MDIO Bus: probed
[    1.039757] tun: Universal TUN/TAP device driver, 1.6
[    1.042434] PPP generic driver version 2.4.2
[    1.044430] ehci_hcd: USB 2.0 'Enhanced' Host Controller (EHCI) Driver
[    1.047164] ehci-pci: EHCI PCI platform driver
[    1.048593] ehci-platform: EHCI generic platform driver
[    1.050596] ohci_hcd: USB 1.1 'Open' Host Controller (OHCI) Driver
[    1.052430] ohci-pci: OHCI PCI platform driver
[    1.053978] ohci-platform: OHCI generic platform driver
[    1.055754] uhci_hcd: USB Universal Host Controller Interface driver
[    1.059478] i8042: PNP: PS/2 Controller [PNP0303:PS2K,PNP0f03:PS2M] at 0x60,0x64 irq 1,12
[    1.064852] serio: i8042 KBD port at 0x60,0x64 irq 1
[    1.067792] serio: i8042 AUX port at 0x60,0x64 irq 12
[    1.070519] mousedev: PS/2 mouse device common for all mice
[    1.075163] rtc_cmos rtc_cmos: rtc core: registered rtc_cmos as rtc0
[    1.077979] rtc_cmos rtc_cmos: alarms up to one day, 114 bytes nvram
[    1.080293] input: AT Translated Set 2 keyboard as /devices/platform/i8042/serio0/input/input2
[    1.084120] i2c /dev entries driver
[    1.086600] device-mapper: uevent: version 1.0.3
[    1.088195] device-mapper: ioctl: 4.37.0-ioctl (2017-09-20) initialised: dm-devel@redhat.com
[    1.092756] ledtrig-cpu: registered to indicate activity on CPUs
[    1.095163] NET: Registered protocol family 10
[    1.101555] Segment Routing with IPv6
[    1.102779] NET: Registered protocol family 17
[    1.104269] Key type dns_resolver registered
[    1.105995] mce: Using 0 MCE banks
[    1.107254] RAS: Correctable Errors collector initialized.
[    1.109226] sched_clock: Marking stable (1109198930, 0)->(1406009818, -296810888)
[    1.112226] registered taskstats version 1
[    1.114444] Loading compiled-in X.509 certificates
[    1.119051] Loaded X.509 cert 'Build time autogenerated kernel key: 369b16149153afe509b010c5493c788cd1d7da9f'
[    1.122612] Loaded X.509 cert 'Canonical Ltd. Live Patch Signing: 14df34d1a87cf37625abec039ef2bf521249b969'
[    1.126557] Loaded X.509 cert 'Canonical Ltd. Kernel Module Signing: 88f752e560a1e0737e31163a466ad7b70a850c19'
[    1.130516] zswap: loaded using pool lzo/zbud
[    1.135353] Key type big_key registered
[    1.136408] Key type trusted registered
[    1.140589] Key type encrypted registered
[    1.142060] AppArmor: AppArmor sha1 policy hashing enabled
[    1.145163] ima: No TPM chip found, activating TPM-bypass! (rc=-19)
[    1.148231] ima: Allocated hash algorithm: sha1
[    1.150093] evm: HMAC attrs: 0x1
[    1.152170]   Magic number: 5:308:19
[    1.154232] rtc_cmos rtc_cmos: setting system clock to 2021-09-05 09:02:12 UTC (1630832532)
[    1.158365] BIOS EDD facility v0.16 2004-Jun-25, 0 devices found
[    1.162444] EDD information not available.
[    1.223011] Freeing unused kernel image memory: 2448K
[    1.236379] Write protecting the kernel read-only data: 20480k
[    1.240031] Freeing unused kernel image memory: 2008K
[    1.241793] Freeing unused kernel image memory: 1824K
[    1.249307] x86/mm: Checked W+X mappings: passed, no W+X pages found.
[    1.251785] x86/mm: Checking user space page tables
[    1.259246] x86/mm: Checked W+X mappings: passed, no W+X pages found.
Loading, please wait...
starting version 237
[    1.338609] Fusion MPT base driver 3.04.20
[    1.342433] Copyright (c) 1999-2008 LSI Corporation
[    1.352437] Fusion MPT SPI Host driver 3.04.20
[    1.352453] e1000: Intel(R) PRO/1000 Network Driver - version 7.3.21-k8-NAPI
[    1.359323] e1000: Copyright (c) 1999-2006 Intel Corporation.
[    1.364273] mptbase: ioc0: Initiating bringup
[    1.393266] AVX2 version of gcm_enc/dec engaged.
[    1.396067] AES CTR mode by8 optimization enabled
[    1.460716] ioc0: LSI53C1030 A0: Capabilities={Initiator}
[    1.574556] input: ImExPS/2 Generic Explorer Mouse as /devices/platform/i8042/serio1/input/input4
[    1.711626] scsi host2: ioc0: LSI53C1030 A0, FwRev=00000000h, Ports=1, MaxQ=256, IRQ=20
[    1.881035] scsi 2:0:0:0: Direct-Access     VBOX     HARDDISK         1.0  PQ: 0 ANSI: 5
[    1.912071] scsi target2:0:0: Beginning Domain Validation
[    1.916290] scsi target2:0:0: Domain Validation skipping write tests
[    1.917960] scsi target2:0:0: Ending Domain Validation
[    1.919373] scsi target2:0:0: asynchronous
[    1.952125] scsi 2:0:1:0: Direct-Access     VBOX     HARDDISK         1.0  PQ: 0 ANSI: 5
[    2.311792] scsi target2:0:1: Beginning Domain Validation
[    2.314156] random: fast init done
[    2.316765] scsi target2:0:1: Domain Validation skipping write tests
[    2.318596] scsi target2:0:1: Ending Domain Validation
[    2.320093] scsi target2:0:1: asynchronous
[    2.326872] random: systemd-udevd: uninitialized urandom read (16 bytes read)
[    2.329482] random: systemd-udevd: uninitialized urandom read (16 bytes read)
[    2.331937] random: systemd-udevd: uninitialized urandom read (16 bytes read)
[    2.334306] sd 2:0:0:0: Attached scsi generic sg0 type 0
[    2.345887] sd 2:0:1:0: [sdb] 20480 512-byte logical blocks: (10.5 MB/10.0 MiB)
[    2.347449] e1000 0000:00:03.0 eth0: (PCI:33MHz:32-bit) 02:8f:10:d1:b0:9c
[    2.350451] sd 2:0:1:0: [sdb] Write Protect is off
[    2.352993] e1000 0000:00:03.0 eth0: Intel(R) PRO/1000 Network Connection
[    2.358358] sd 2:0:0:0: [sda] 83886080 512-byte logical blocks: (42.9 GB/40.0 GiB)
[    2.362069] sd 2:0:1:0: [sdb] Incomplete mode parameter data
[    2.362092] sd 2:0:1:0: Attached scsi generic sg1 type 0
[    2.364354] sd 2:0:1:0: [sdb] Assuming drive cache: write through
[    2.364415] sd 2:0:0:0: [sda] Write Protect is off
[    2.367856] e1000 0000:00:03.0 enp0s3: renamed from eth0
[    2.373296] sd 2:0:1:0: [sdb] Attached SCSI disk
[    2.375731] sd 2:0:0:0: [sda] Incomplete mode parameter data
[    2.377765] sd 2:0:0:0: [sda] Assuming drive cache: write through
[    2.381431]  sda: sda1
[    2.383141] sd 2:0:0:0: [sda] Attached SCSI disk
Begin: Loading essential drivers ... [    3.980140] raid6: sse2x1   gen()  6838 MB/s
[    4.028108] raid6: sse2x1   xor()  6453 MB/s
[    4.076132] raid6: sse2x2   gen() 11639 MB/s
[    4.124135] raid6: sse2x2   xor()  7285 MB/s
[    4.172128] raid6: sse2x4   gen() 11953 MB/s
[    4.220159] raid6: sse2x4   xor()  8037 MB/s
[    4.268099] raid6: avx2x1   gen() 18717 MB/s
[    4.316121] raid6: avx2x1   xor()  9653 MB/s
[    4.364132] raid6: avx2x2   gen() 21363 MB/s
[    4.412131] raid6: avx2x2   xor() 12602 MB/s
[    4.460211] raid6: avx2x4   gen() 19730 MB/s
[    4.508134] raid6: avx2x4   xor() 13533 MB/s
[    4.510064] raid6: using algorithm avx2x2 gen() 21363 MB/s
[    4.511565] raid6: .... xor() 12602 MB/s, rmw enabled
[    4.512987] raid6: using avx2x2 recovery algorithm
[    4.516998] xor: automatically using best checksumming function   avx       
[    4.521566] async_tx: api initialized (async)
done.
Begin: Running /scripts/init-premount ... done.
Begin: Mounting root file system ... Begin: Running /scripts/local-top ... done.
Begin: Running /scripts/local-premount ... [    4.581090] Btrfs loaded, crc32c=crc32c-intel
Scanning for Btrfs filesystems
done.
Warning: fsck not present, so skipping root file system
[    4.610276] EXT4-fs (sda1): mounted filesystem with ordered data mode. Opts: (null)
done.
Begin: Running /scripts/local-bottom ... done.
Begin: Running /scripts/init-bottom ... done.
[    4.751426] ip_tables: (C) 2000-2006 Netfilter Core Team
[    4.765426] systemd[1]: systemd 237 running in system mode. (+PAM +AUDIT +SELINUX +IMA +APPARMOR +SMACK +SYSVINIT +UTMP +LIBCRYPTSETUP +GCRYPT +GNUTLS +ACL +XZ +LZ4 +SECCOMP +BLKID +ELFUTILS +KMOD -IDN2 +IDN -PCRE2 default-hierarchy=hybrid)
[    4.773083] systemd[1]: Detected virtualization oracle.
[    4.775900] systemd[1]: Detected architecture x86-64.

Welcome to [1mUbuntu 18.04.5 LTS[0m!

[    4.785037] systemd[1]: Set hostname to <ubuntu>.
[    4.790616] systemd[1]: Initializing machine ID from random generator.
[    4.792967] systemd[1]: Installed transient /etc/machine-id file.
[    5.079054] systemd[1]: Reached target Swap.
[[0;32m  OK  [0m] Reached target Swap.
[    5.084245] systemd[1]: Created slice System Slice.
[[0;32m  OK  [0m] Created slice System Slice.
[    5.087774] systemd[1]: Created slice system-serial\x2dgetty.slice.
[[0;32m  OK  [0m] Created slice system-serial\x2dgetty.slice.
[    5.090823] systemd[1]: Listening on LVM2 poll daemon socket.
[[0;32m  OK  [0m] Listening on LVM2 poll daemon socket.
[[0;32m  OK  [0m] Listening on Network Service Netlink Socket.
[[0;32m  OK  [0m] Listening on Journal Socket (/dev/log).
[[0;32m  OK  [0m] Listening on Syslog Socket.
[[0;32m  OK  [0m] Listening on Journal Socket.
         Mounting Kernel Debug File System...
         Starting Create list of required st…ce nodes for the current kernel...
         Starting Load Kernel Modules...
         Mounting Huge Pages File System...
[[0;32m  OK  [0m] Reached target User and Group Name Lookups.
[    5.142714] Loading iSCSI transport class v2.0-870.
[[0;32m  OK  [0m] Created slice User and Session Slice.
[    5.148371] iscsi: registered transport (tcp)
[[0;32m  OK  [0m] Reached target Slices.
         Starting Set the console keyboard layout...
[[0;32m  OK  [0m] Listening on fsck to fsckd communication Socket.
         Starting File System Check on Root Device...
         Starting Uncomplicated firewall...
[    5.167121] iscsi: registered transport (iser)
[[0;32m  OK  [0m] Listening on /dev/initctl Compatibility Named Pipe.
         Mounting POSIX Message Queue File System...
[[0;32m  OK  [0m] Set up automount Arbitrary Executab…rmats File System Automount Point.
[[0;32m  OK  [0m] Started Forward Password Requests to Wall Directory Watch.
[[0;32m  OK  [0m] Listening on LVM2 metadata daemon socket.
[[0;32m  OK  [0m] Listening on Journal Audit Socket.
         Starting Journal Service...
[[0;32m  OK  [0m] Reached target System Time Synchronized.
[[0;32m  OK  [0m] Listening on Device-mapper event daemon FIFOs.
         Starting Monitoring of LVM2 mirrors…ng dmeventd or progress polling...
[[0;32m  OK  [0m] Listening on udev Kernel Socket.
[[0;32m  OK  [0m] Listening on udev Control Socket.
         Starting udev Coldplug all Devices...
[[0;32m  OK  [0m] Mounted Kernel Debug File System.
[[0;32m  OK  [0m] Started Create list of required sta…vice nodes for the current kernel.
[[0;32m  OK  [0m] Started Load Kernel Modules.
[[0;32m  OK  [0m] Mounted Huge Pages File System.
[[0;32m  OK  [0m] Started Uncomplicated firewall.
[[0;32m  OK  [0m] Mounted POSIX Message Queue File System.
[[0;32m  OK  [0m] Started File System Check on Root Device.
[[0;32m  OK  [0m] Started File System Check Daemon to report status.
         Starting Remount Root and Kernel File Systems...
         Mounting Kernel Configuration File System...
         Mounting FUSE Control File System...
         Starting Apply Kernel Variables...
         Starting Create Static Device Nodes in /dev...
[[0;32m  OK  [0m] Started Journal Service.
[[0;32m  OK  [0m] Mounted Kernel Configuration File System.
[[0;32m  OK  [0m] Mounted FUSE Control File System.
[[0;32m  OK  [0m] Started LVM2 metadata daemon.
[[0;32m  OK  [0m] Started Create Static Device Nodes in /dev.
[[0;32m  OK  [0m] Started Remount Root and Kernel File Systems.
[[0;32m  OK  [0m] Started udev Coldplug all Devices.
[[0;32m  OK  [0m] Started Apply Kernel Variables.
         Starting Load/Save Random Seed...
         Starting Flush Journal to Persistent Storage...
         Starting udev Kernel Device Manager...
[[0;32m  OK  [0m] Started Monitoring of LVM2 mirrors,…sing dmeventd or progress polling.
[[0;32m  OK  [0m] Started Load/Save Random Seed.
[[0;32m  OK  [0m] Started udev Kernel Device Manager.
[[0;32m  OK  [0m] Started Flush Journal to Persistent Storage.
[[0;32m  OK  [0m] Found device /dev/ttyS0.
[[0;32m  OK  [0m] Listening on Load/Save RF Kill Switch Status /dev/rfkill Watch.
[[0;32m  OK  [0m] Started Set the console keyboard layout.
[[0;32m  OK  [0m] Started Dispatch Password Requests to Console Directory Watch.
[[0;32m  OK  [0m] Reached target Local Encrypted Volumes.
[[0;32m  OK  [0m] Reached target Local File Systems (Pre).
[[0;32m  OK  [0m] Reached target Local File Systems.
         Starting ebtables ruleset management...
         Starting Commit a transient machine-id on disk...
         Starting Create Volatile Files and Directories...
         Starting AppArmor initialization...
         Starting Set console font and keymap...
         Starting Tell Plymouth To Write Out Runtime Data...
[[0;32m  OK  [0m] Started Tell Plymouth To Write Out Runtime Data.
[[0;32m  OK  [0m] Started Set console font and keymap.
[[0;32m  OK  [0m] Started Create Volatile Files and Directories.
         Starting Update UTMP about System Boot/Shutdown...
[[0;32m  OK  [0m] Started Commit a transient machine-id on disk.
[[0;32m  OK  [0m] Started Update UTMP about System Boot/Shutdown.
[[0;32m  OK  [0m] Started ebtables ruleset management.
[[0;32m  OK  [0m] Started AppArmor initialization.
         Starting Load AppArmor profiles managed internally by snapd...
         Starting Initial cloud-init job (pre-networking)...
[[0;32m  OK  [0m] Started Load AppArmor profiles managed internally by snapd.
[    9.470174] cloud-init[645]: Cloud-init v. 21.2-3-g899bfaa9-0ubuntu2~18.04.1 running 'init-local' at Sun, 05 Sep 2021 09:02:20 +0000. Up 8.93 seconds.
[[0;32m  OK  [0m] Started Initial cloud-init job (pre-networking).
[[0;32m  OK  [0m] Reached target Network (Pre).
         Starting Network Service...
[[0;32m  OK  [0m] Started Network Service.
         Starting Network Name Resolution...
         Starting Wait for Network to be Configured...
[[0;32m  OK  [0m] Started Network Name Resolution.
[[0;32m  OK  [0m] Reached target Network.
[[0;32m  OK  [0m] Reached target Host and Network Name Lookups.
[[0;32m  OK  [0m] Started Wait for Network to be Configured.
         Starting Initial cloud-init job (metadata service crawler)...
[   12.510083] cloud-init[741]: Cloud-init v. 21.2-3-g899bfaa9-0ubuntu2~18.04.1 running 'init' at Sun, 05 Sep 2021 09:02:23 +0000. Up 12.09 seconds.
[   12.516513] cloud-init[741]: ci-info: ++++++++++++++++++++++++++++++++++++++Net device info++++++++++++++++++++++++++++++++++++++
[   12.522097] cloud-init[741]: ci-info: +--------+------+----------------------------+---------------+--------+-------------------+
[   12.526958] cloud-init[741]: ci-info: | Device |  Up  |          Address           |      Mask     | Scope  |     Hw-Address    |
[   12.533274] cloud-init[741]: ci-info: +--------+------+----------------------------+---------------+--------+-------------------+
[   12.535766] cloud-init[741]: ci-info: | enp0s3 | True |         10.0.2.15          | 255.255.255.0 | global | 02:8f:10:d1:b0:9c |
[   12.541761] cloud-init[741]: ci-info: | enp0s3 | True | fe80::8f:10ff:fed1:b09c/64 |       .       |  link  | 02:8f:10:d1:b0:9c |
[   12.560311] cloud-init[741]: ci-info: |   lo   | True |         127.0.0.1          |   255.0.0.0   |  host  |         .         |
[   12.564211] cloud-init[741]: ci-info: |   lo   | True |          ::1/128           |       .       |  host  |         .         |
[   12.568709] cloud-init[741]: ci-info: +--------+------+----------------------------+---------------+--------+-------------------+
[   12.584475] cloud-init[741]: ci-info: ++++++++++++++++++++++++++++Route IPv4 info+++++++++++++++++++++++++++++
[   12.587850] cloud-init[741]: ci-info: +-------+-------------+----------+-----------------+-----------+-------+
[   12.590025] cloud-init[741]: ci-info: | Route | Destination | Gateway  |     Genmask     | Interface | Flags |
[   12.593192] cloud-init[741]: ci-info: +-------+-------------+----------+-----------------+-----------+-------+
[   12.597044] cloud-init[741]: ci-info: |   0   |   0.0.0.0   | 10.0.2.2 |     0.0.0.0     |   enp0s3  |   UG  |
[   12.612319] cloud-init[741]: ci-info: |   1   |   10.0.2.0  | 0.0.0.0  |  255.255.255.0  |   enp0s3  |   U   |
[   12.615857] cloud-init[741]: ci-info: |   2   |   10.0.2.2  | 0.0.0.0  | 255.255.255.255 |   enp0s3  |   UH  |
[   12.620439] cloud-init[741]: ci-info: +-------+-------------+----------+-----------------+-----------+-------+
[   12.625022] cloud-init[741]: ci-info: +++++++++++++++++++Route IPv6 info+++++++++++++++++++
[   12.628693] cloud-init[741]: ci-info: +-------+-------------+---------+-----------+-------+
[   12.633125] cloud-init[741]: ci-info: | Route | Destination | Gateway | Interface | Flags |
[   12.637075] cloud-init[741]: ci-info: +-------+-------------+---------+-----------+-------+
[   12.640793] cloud-init[741]: ci-info: |   1   |  fe80::/64  |    ::   |   enp0s3  |   U   |
[   12.644259] cloud-init[741]: ci-info: |   3   |    local    |    ::   |   enp0s3  |   U   |
[   12.648375] cloud-init[741]: ci-info: |   4   |   ff00::/8  |    ::   |   enp0s3  |   U   |
[   12.651959] cloud-init[741]: ci-info: +-------+-------------+---------+-----------+-------+
[   13.714245] cloud-init[741]: Generating public/private rsa key pair.
[   13.717674] cloud-init[741]: Your identification has been saved in /etc/ssh/ssh_host_rsa_key.
[   13.721586] cloud-init[741]: Your public key has been saved in /etc/ssh/ssh_host_rsa_key.pub.
[   13.724451] cloud-init[741]: The key fingerprint is:
[   13.727415] cloud-init[741]: SHA256:UMjUIZ0L8G7fgBw0/UMXzyj6dbkxXkwshYWaO4ItJ+M root@ubuntu-bionic
[   13.740266] cloud-init[741]: The key's randomart image is:
[   13.742577] cloud-init[741]: +---[RSA 2048]----+
[   13.744493] cloud-init[741]: |    .+==oo  .. +o|
[   13.746024] cloud-init[741]: |     o++= . .+oo |
[   13.747483] cloud-init[741]: |      +. +...o+ o|
[   13.749062] cloud-init[741]: |     o +..o.o  = |
[   13.750925] cloud-init[741]: |      = So ...= o|
[   13.752635] cloud-init[741]: |     . .=++.oo = |
[   13.754121] cloud-init[741]: |       ..=o. .o  |
[   13.756193] cloud-init[741]: |        E        |
[   13.758071] cloud-init[741]: |                 |
[   13.759388] cloud-init[741]: +----[SHA256]-----+
[   13.761213] cloud-init[741]: Generating public/private dsa key pair.
[   13.763724] cloud-init[741]: Your identification has been saved in /etc/ssh/ssh_host_dsa_key.
[   13.767129] cloud-init[741]: Your public key has been saved in /etc/ssh/ssh_host_dsa_key.pub.
[   13.770778] cloud-init[741]: The key fingerprint is:
[   13.773665] cloud-init[741]: SHA256:LQXxWi7y5OakDEjPyPZdZrTAK53ElT9JotDKV2bnC54 root@ubuntu-bionic
[   13.778933] cloud-init[741]: The key's randomart image is:
[   13.781621] cloud-init[741]: +---[DSA 1024]----+
[   13.792446] cloud-init[741]: |        o.       |
[   13.804773] [[0;32m  OK  [0m] Started Initial cloud-init job (metadata service crawler).
[[0;32m  OK  [0m] Reached target System Initialization.
[[0;32m  OK  [0m] Started Daily apt download activities.
[[0;32m  OK  [0m] Listening on UUID daemon activation socket.
[[0;32m  OK  [0m] Started Discard unused blocks once a week.
[[0;32m  OK  [0m] Started Message of the Day.
         Starting Socket activation for snappy daemon.
[[0;32m  OK  [0m] Started Ubuntu Advantage update messaging.
[[0;32m  OK  [0m] Listening on D-Bus System Message Bus Socket.
[[0;32m  OK  [0m] Started ACPI Events Check.
cloud-init[741]: |     .   +       |
[[0;32m  OK  [0m] Reached target Paths.
[[0;32m  OK  [0m] Started Daily Cleanup of Temporary Directories.
[   13.838397] cloud-init[[0;32m  OK  [0m] Listening on ACPID Listen Socket.
[741]: |    . . B *      |
[[0;32m  OK  [0m] Listening on Open-iSCSI iscsid Socket.
[   13.844322] cloud-init[741]: |   . = * % .     |
[   13.846415] cloud-init[741]: |  . o O S B      |         Starting LXD - unix socket.
[[0;32m  OK  [0m] Started Daily apt upgrade and clean activities.
[[0;32m  OK  [0m] Reached target Timers.
[[0;32m  OK  [0m] Reached target Cloud-config availability.
[[0;32m  OK  [0m] Reached target Network is Online.

[[0;32m  OK  [0m] Reached target Remote File Systems (Pre).
[   13.874780] [[0;32m  OK  [0m] Reached target Remote File Systems.
cloud-init         Starting Availability of block devices...
[[0;32m  OK  [0m] Listening on Socket activation for snappy daemon.
[[0;32m  OK  [0m] Listening on LXD - unix socket.
[[0;32m  OK  [0m] Reached target Sockets.
[[0;32m  OK  [0m] Reached target Basic System.
[741]: | o = + @ * o     |
[   13.902077] cloud-init[741]: |  = = + E .      |
[[0;32m  OK  [0m] Started Deferred execution scheduler.
[   13.913457] [[0;32m  OK  [0m] Started Regular background program processing daemon.
cloud-init[741]: | . . = O         |
[   13.924007] cloud-init[741]: |    . + .        |
         Starting Dispatcher daemon for systemd-networkd...[   13.940968] cloud-init[741]: +----[SHA256]-----+

[   13.945158] cloud-init[741]: Generating public/private ecdsa key pair.
[   13.952482] cloud-init[741]: Your identification has been saved in /etc/ssh/ssh_host_ecdsa_key.
         Starting Pollinate to seed the pseudo random number generator...[   13.969813] 
cloud-init[741]: Your public key has been saved in /etc/ssh/ssh_host_ecdsa_key.pub.
[[0;32m  OK  [0m[   13.988742] cloud-init[741]: The key fingerprint is:
] Started D-Bus System Message Bus.
[   13.989438] cloud-init[741]: SHA256:7nNUb57FBQfOsdx2g1g6sL5TmcK62TolxxX+fsTo18A root@ubuntu-bionic
[   13.998405] cloud-init[741]: The key's randomart image is:
[   14.004723] cloud-init[741]: +---[ECDSA 256]---+
[   14.009651] cloud-init[741]: |         .   .o. |
[   14.015323] cloud-init[741]: |          o.++o+.|
[   14.022522] cloud-init[741]: |         ..+..=++|
[   14.028837] cloud-init[741]: |        o  o=  .+|
[   14.032030] cloud-init[741]: |        S+.=.oo..|
[   14.036995] cloud-init[741]: |       o.+=  oEoo|
[   14.038846] cloud-init[741]: |       .=+  oo.+.|
[   14.044504] cloud-init[741]: |       o= o  ooo.|
[   14.061137] cloud-init[741]: |       +++    o  |
         Starting System Logging Service...
[   14.079204] cloud-init[741]: +----[SHA256]-----+
         Starting Accounts Service...
[   14.101312] cloud-init[741]: Generating public/private ed25519 key pair.
[   14.111192] cloud-init[741]: Your identification has been saved in /etc/ssh/ssh_host_ed25519_key.
         Starting Virtualbox guest utils...
[   14.128959] cloud-init[741]: Your public key has been saved in /etc/ssh/ssh_host_ed25519_key.pub.
[   14.143228] cloud-init[741]: The key fingerprint is:
[   14.150309] cloud-init[741]: SHA256:qd20SITBl5Dsc7c9nD0BPQWpN2w2tRepKwjF4fqar3Y root@ubuntu-bionic
[   14.170615] cloud-init[741]: The key's randomart image is:
[   14.175830] cloud-init[741]: +--[ED25519 256]--+
[   14.182992] cloud-init[741]: |     ooo.o.  ..+o|
[   14.187220] [[0;32m  OK  [0m] Started irqbalance daemon.
         Starting LSB: automatic crash report generation...
         Starting LXD - container startup/shutdown...
cloud-init[741]: |      +o+o  . +o.|         Starting LSB: Record successful boot for GRUB...
[[0;32m  OK  [0m] Started FUSE filesystem for LXC.

         Starting Permit User Sessions...
[   14.273473] cloud-init[741]: |     ...o.   +.oo|         Starting Login Service...

[   14.295020] cloud-init[741]: |      ooo.. ..O..|
[   14.312559] cloud-init[741]: |       +S.o+ *.+.|
[   14.324324] cloud-init[741]: |       +.=.o=.o  |
[   14.326945] cloud-init         Starting Snap Daemon...
[[0;32m  OK  [0m] Started System Logging Service.
[[0;32m  OK  [0m] Started Availability of block devices.
[741]: |      . o.o .. . |
[   14.382918] cloud-init[741]: [[0;32m  OK  [0m] Started Permit User Sessions.
|       .oE       |
         Starting Hold until boot process finishes up...
         Starting Terminate Plymouth Boot Screen...
[[0;32m  OK  [0m] Started Hold until boot process finishes up.
[   14.469071] cloud-init[[0;32m  OK  [0m] Started Serial Getty on ttyS0.
         Starting Set console scheme...
[[0;32m  OK  [0m] Started Terminate Plymouth Boot Screen.
[741]: |      .++.       |
[   14.553787] cloud-init[741]: +----[SHA256]-----+
[[0;32m  OK  [0m] Started Set console scheme.
[[0;32m  OK  [0m] Started Login Service.
[[0;32m  OK  [0m] Started Unattended Upgrades Shutdown.
[[0;32m  OK  [0m] Created slice system-getty.slice.
[[0;32m  OK  [0m] Started Getty on tty1.
[[0;32m  OK  [0m] Reached target Login Prompts.
         Starting Authorization Manager...
[[0;32m  OK  [0m] Started LXD - container startup/shutdown.
[[0;32m  OK  [0m] Started LSB: automatic crash report generation.
[[0;32m  OK  [0m] Started LSB: Record successful boot for GRUB.
[[0;32m  OK  [0m] Started Virtualbox guest utils.
[[0;32m  OK  [0m] Started Authorization Manager.
[[0;32m  OK  [0m] Started Accounts Service.
[[0;32m  OK  [0m] Started Dispatcher daemon for systemd-networkd.
[[0;32m  OK  [0m] Started Snap Daemon.
         Starting Wait until snapd is fully seeded...
[[0;32m  OK  [0m] Started Pollinate to seed the pseudo random number generator.
         Starting OpenBSD Secure Shell server...
[[0;32m  OK  [0m] Started OpenBSD Secure Shell server.
[[0;32m  OK  [0m] Created slice User Slice of vagrant.
         Starting User Manager for UID 1000...
[[0;32m  OK  [0m] Started Session 1 of user vagrant.
[[0;32m  OK  [0m] Started User Manager for UID 1000.

Ubuntu 18.04.5 LTS ubuntu-bionic ttyS0

ubuntu-bionic login: [   22.455189] cloud-init[1373]: Cloud-init v. 21.2-3-g899bfaa9-0ubuntu2~18.04.1 running 'modules:config' at Sun, 05 Sep 2021 09:02:33 +0000. Up 21.79 seconds.
ci-info: no authorized SSH keys fingerprints found for user ubuntu.
<14>Sep  5 09:02:34 cloud-init: #############################################################
<14>Sep  5 09:02:34 cloud-init: -----BEGIN SSH HOST KEY FINGERPRINTS-----
<14>Sep  5 09:02:34 cloud-init: 1024 SHA256:LQXxWi7y5OakDEjPyPZdZrTAK53ElT9JotDKV2bnC54 root@ubuntu-bionic (DSA)
<14>Sep  5 09:02:34 cloud-init: 256 SHA256:7nNUb57FBQfOsdx2g1g6sL5TmcK62TolxxX+fsTo18A root@ubuntu-bionic (ECDSA)
<14>Sep  5 09:02:34 cloud-init: 256 SHA256:qd20SITBl5Dsc7c9nD0BPQWpN2w2tRepKwjF4fqar3Y root@ubuntu-bionic (ED25519)
<14>Sep  5 09:02:34 cloud-init: 2048 SHA256:UMjUIZ0L8G7fgBw0/UMXzyj6dbkxXkwshYWaO4ItJ+M root@ubuntu-bionic (RSA)
<14>Sep  5 09:02:34 cloud-init: -----END SSH HOST KEY FINGERPRINTS-----
<14>Sep  5 09:02:34 cloud-init: #############################################################
-----BEGIN SSH HOST KEY KEYS-----
ecdsa-sha2-nistp256 AAAAE2VjZHNhLXNoYTItbmlzdHAyNTYAAAAIbmlzdHAyNTYAAABBBBd0EWs9TeFfbURZYnc3meBeKkCdDqFURwpLv0/4KGsMmj59aMldYyrl7zFHMiYCnOXte/4G/CVbw4gcAp+kirk= root@ubuntu-bionic
ssh-ed25519 AAAAC3NzaC1lZDI1NTE5AAAAILxOGj+R1Pa2rRZiDcrCwVuL2NG4eyZW+U1z4gez3qTz root@ubuntu-bionic
ssh-rsa AAAAB3NzaC1yc2EAAAADAQABAAABAQCclUYA9nFC8Rvi0WoLQPxx8izUa361a76wEp6GJEm57eRQj8L4v02JkoSETJ741epirzZuWY8qN2woGlZ3pLB32folSJgV8X3WjZPBVMwPf7q4XvxHTeXjLxpCxs7mawI9NtFog57C6sTGscXTyuO0Pnz7BmoWjYXWFLs+5G3KWPuXsdhGwBGWYI4/g+Ost+uD3kW4sjn9vjtsdB2P9+mxWiqG2GtVsSOFp0oi78KqQEIDW31UPiHd7GqJDZtLz9AZYQRWmVXP2ZsnsghPvjoImmtz4oxV4D8hc7R3hEUnIOk7ixNK43PcrCSOqSObeEu00g3mJvICwjcZeKtgytS9 root@ubuntu-bionic
-----END SSH HOST KEY KEYS-----
[   23.440693] cloud-init[1521]: Cloud-init v. 21.2-3-g899bfaa9-0ubuntu2~18.04.1 running 'modules:final' at Sun, 05 Sep 2021 09:02:34 +0000. Up 23.19 seconds.
[   23.440851] cloud-init[1521]: ci-info: no authorized SSH keys fingerprints found for user ubuntu.
[   23.440928] cloud-init[1521]: Cloud-init v. 21.2-3-g899bfaa9-0ubuntu2~18.04.1 finished at Sun, 05 Sep 2021 09:02:34 +0000. Datasource DataSourceNoCloud [seed=/dev/sdb][dsmode=net].  Up 23.41 seconds
